# JRE version: OpenJDK Runtime Environment (8.0_242-b01) (build 1.8.0_242-release-1644-b01)
# Java VM: OpenJDK 64-Bit Server VM (25.242-b01 mixed mode windows-amd64 compressed oops)
Heap:
 PSYoungGen      total 144896K, used 126302K [0x00000000d5580000, 0x00000000dee80000, 0x0000000100000000)
  eden space 133120K, 87% used [0x00000000d5580000,0x00000000dc7dd578,0x00000000dd780000)
  from space 11776K, 78% used [0x00000000dd780000,0x00000000de07a458,0x00000000de300000)
  to   space 11264K, 0% used [0x00000000de380000,0x00000000de380000,0x00000000dee80000)
 ParOldGen       total 84480K, used 14494K [0x0000000080000000, 0x0000000085280000, 0x00000000d5580000)
  object space 84480K, 17% used [0x0000000080000000,0x0000000080e27830,0x0000000085280000)
 Metaspace       used 50738K, capacity 52804K, committed 53160K, reserved 1095680K
  class space    used 6801K, capacity 7222K, committed 7344K, reserved 1048576K
GC Heap History (10 events):
Event: 5.174 GC heap before
{Heap before GC invocations=7 (full 1):
 PSYoungGen      total 144384K, used 5264K [0x00000000d5580000, 0x00000000dee80000, 0x0000000100000000)
  eden space 133120K, 0% used [0x00000000d5580000,0x00000000d5580000,0x00000000dd780000)
  from space 11264K, 46% used [0x00000000de380000,0x00000000de8a4040,0x00000000dee80000)
  to   space 11776K, 0% used [0x00000000dd780000,0x00000000dd780000,0x00000000de300000)
 ParOldGen       total 87552K, used 10008K [0x0000000080000000, 0x0000000085580000, 0x00000000d5580000)
  object space 87552K, 11% used [0x0000000080000000,0x00000000809c60b8,0x0000000085580000)
 Metaspace       used 20580K, capacity 21236K, committed 21296K, reserved 1067008K
  class space    used 2877K, capacity 3080K, committed 3120K, reserved 1048576K
Event: 5.294 GC heap after
Heap after GC invocations=7 (full 1):
 PSYoungGen      total 144384K, used 0K [0x00000000d5580000, 0x00000000dee80000, 0x0000000100000000)
  eden space 133120K, 0% used [0x00000000d5580000,0x00000000d5580000,0x00000000dd780000)
  from space 11264K, 0% used [0x00000000de380000,0x00000000de380000,0x00000000dee80000)
  to   space 11776K, 0% used [0x00000000dd780000,0x00000000dd780000,0x00000000de300000)
 ParOldGen       total 58368K, used 6694K [0x0000000080000000, 0x0000000083900000, 0x00000000d5580000)
  object space 58368K, 11% used [0x0000000080000000,0x00000000806899e8,0x0000000083900000)
 Metaspace       used 20580K, capacity 21236K, committed 21296K, reserved 1067008K
  class space    used 2877K, capacity 3080K, committed 3120K, reserved 1048576K
}
Event: 9.576 GC heap before
{Heap before GC invocations=8 (full 1):
 PSYoungGen      total 144384K, used 133120K [0x00000000d5580000, 0x00000000dee80000, 0x0000000100000000)
  eden space 133120K, 100% used [0x00000000d5580000,0x00000000dd780000,0x00000000dd780000)
  from space 11264K, 0% used [0x00000000de380000,0x00000000de380000,0x00000000dee80000)
  to   space 11776K, 0% used [0x00000000dd780000,0x00000000dd780000,0x00000000de300000)
 ParOldGen       total 58368K, used 6694K [0x0000000080000000, 0x0000000083900000, 0x00000000d5580000)
  object space 58368K, 11% used [0x0000000080000000,0x00000000806899e8,0x0000000083900000)
 Metaspace       used 32796K, capacity 33808K, committed 33968K, reserved 1079296K
  class space    used 4487K, capacity 4754K, committed 4784K, reserved 1048576K
Event: 9.593 GC heap after
Heap after GC invocations=8 (full 1):
 PSYoungGen      total 144896K, used 11750K [0x00000000d5580000, 0x00000000dee80000, 0x0000000100000000)
  eden space 133120K, 0% used [0x00000000d5580000,0x00000000d5580000,0x00000000dd780000)
  from space 11776K, 99% used [0x00000000dd780000,0x00000000de2f9a88,0x00000000de300000)
  to   space 11264K, 0% used [0x00000000de380000,0x00000000de380000,0x00000000dee80000)
 ParOldGen       total 58368K, used 9135K [0x0000000080000000, 0x0000000083900000, 0x00000000d5580000)
  object space 58368K, 15% used [0x0000000080000000,0x00000000808ebf08,0x0000000083900000)
 Metaspace       used 32796K, capacity 33808K, committed 33968K, reserved 1079296K
  class space    used 4487K, capacity 4754K, committed 4784K, reserved 1048576K
}
Event: 10.013 GC heap before
{Heap before GC invocations=9 (full 1):
 PSYoungGen      total 144896K, used 42115K [0x00000000d5580000, 0x00000000dee80000, 0x0000000100000000)
  eden space 133120K, 22% used [0x00000000d5580000,0x00000000d7327298,0x00000000dd780000)
  from space 11776K, 99% used [0x00000000dd780000,0x00000000de2f9a88,0x00000000de300000)
  to   space 11264K, 0% used [0x00000000de380000,0x00000000de380000,0x00000000dee80000)
 ParOldGen       total 58368K, used 9135K [0x0000000080000000, 0x0000000083900000, 0x00000000d5580000)
  object space 58368K, 15% used [0x0000000080000000,0x00000000808ebf08,0x0000000083900000)
 Metaspace       used 34294K, capacity 35426K, committed 35496K, reserved 1079296K
  class space    used 4724K, capacity 5006K, committed 5040K, reserved 1048576K
Event: 10.021 GC heap after
Heap after GC invocations=9 (full 1):
 PSYoungGen      total 144384K, used 8136K [0x00000000d5580000, 0x00000000dee80000, 0x0000000100000000)
  eden space 133120K, 0% used [0x00000000d5580000,0x00000000d5580000,0x00000000dd780000)
  from space 11264K, 72% used [0x00000000de380000,0x00000000deb72190,0x00000000dee80000)
  to   space 11776K, 0% used [0x00000000dd780000,0x00000000dd780000,0x00000000de300000)
 ParOldGen       total 58368K, used 9143K [0x0000000080000000, 0x0000000083900000, 0x00000000d5580000)
  object space 58368K, 15% used [0x0000000080000000,0x00000000808edf08,0x0000000083900000)
 Metaspace       used 34294K, capacity 35426K, committed 35496K, reserved 1079296K
  class space    used 4724K, capacity 5006K, committed 5040K, reserved 1048576K
}
Event: 10.022 GC heap before
{Heap before GC invocations=10 (full 2):
 PSYoungGen      total 144384K, used 8136K [0x00000000d5580000, 0x00000000dee80000, 0x0000000100000000)
  eden space 133120K, 0% used [0x00000000d5580000,0x00000000d5580000,0x00000000dd780000)
  from space 11264K, 72% used [0x00000000de380000,0x00000000deb72190,0x00000000dee80000)
  to   space 11776K, 0% used [0x00000000dd780000,0x00000000dd780000,0x00000000de300000)
 ParOldGen       total 58368K, used 9143K [0x0000000080000000, 0x0000000083900000, 0x00000000d5580000)
  object space 58368K, 15% used [0x0000000080000000,0x00000000808edf08,0x0000000083900000)
 Metaspace       used 34294K, capacity 35426K, committed 35496K, reserved 1079296K
  class space    used 4724K, capacity 5006K, committed 5040K, reserved 1048576K
Event: 10.089 GC heap after
Heap after GC invocations=10 (full 2):
 PSYoungGen      total 144384K, used 0K [0x00000000d5580000, 0x00000000dee80000, 0x0000000100000000)
  eden space 133120K, 0% used [0x00000000d5580000,0x00000000d5580000,0x00000000dd780000)
  from space 11264K, 0% used [0x00000000de380000,0x00000000de380000,0x00000000dee80000)
  to   space 11776K, 0% used [0x00000000dd780000,0x00000000dd780000,0x00000000de300000)
 ParOldGen       total 84480K, used 14486K [0x0000000080000000, 0x0000000085280000, 0x00000000d5580000)
  object space 84480K, 17% used [0x0000000080000000,0x0000000080e25830,0x0000000085280000)
 Metaspace       used 34294K, capacity 35426K, committed 35496K, reserved 1079296K
  class space    used 4724K, capacity 5006K, committed 5040K, reserved 1048576K
}
Event: 19.202 GC heap before
{Heap before GC invocations=11 (full 2):
 PSYoungGen      total 144384K, used 133120K [0x00000000d5580000, 0x00000000dee80000, 0x0000000100000000)
  eden space 133120K, 100% used [0x00000000d5580000,0x00000000dd780000,0x00000000dd780000)
  from space 11264K, 0% used [0x00000000de380000,0x00000000de380000,0x00000000dee80000)
  to   space 11776K, 0% used [0x00000000dd780000,0x00000000dd780000,0x00000000de300000)
 ParOldGen       total 84480K, used 14486K [0x0000000080000000, 0x0000000085280000, 0x00000000d5580000)
  object space 84480K, 17% used [0x0000000080000000,0x0000000080e25830,0x0000000085280000)
 Metaspace       used 38887K, capacity 40714K, committed 40872K, reserved 1085440K
  class space    used 5377K, capacity 5751K, committed 5808K, reserved 1048576K
Event: 19.220 GC heap after
Heap after GC invocations=11 (full 2):
 PSYoungGen      total 144896K, used 9193K [0x00000000d5580000, 0x00000000dee80000, 0x0000000100000000)
  eden space 133120K, 0% used [0x00000000d5580000,0x00000000d5580000,0x00000000dd780000)
  from space 11776K, 78% used [0x00000000dd780000,0x00000000de07a458,0x00000000de300000)
  to   space 11264K, 0% used [0x00000000de380000,0x00000000de380000,0x00000000dee80000)
 ParOldGen       total 84480K, used 14494K [0x0000000080000000, 0x0000000085280000, 0x00000000d5580000)
  object space 84480K, 17% used [0x0000000080000000,0x0000000080e27830,0x0000000085280000)
 Metaspace       used 38887K, capacity 40714K, committed 40872K, reserved 1085440K
  class space    used 5377K, capacity 5751K, committed 5808K, reserved 1048576K
}

